### Waiting ###
### Waiting ###
### Waiting ###
### Waiting ###
### Waiting ###
### Waiting ###
### Waiting ###
### Waiting ###
### Waiting ###
### Waiting ###
### Waiting ###
### Waiting ###
### Waiting ###
### Waiting ###
### Waiting ###
### Waiting ###
### Waiting ###
### Waiting ###
### Waiting ###
### Waiting ###
### Waiting ###
### Waiting ###
### Waiting ###
### Waiting ###
### Waiting ###
### Waiting ###
### Waiting ###
### Waiting ###
### Waiting ###
### Waiting ###
### Waiting ###
### Waiting ###
### Waiting ###
### Waiting ###
### Waiting ###
### Waiting ###
### Waiting ###
### Waiting ###
### Waiting ###
### Waiting ###
### Waiting ###
### Waiting ###
### Waiting ###
### Waiting ###
### Waiting ###
### Waiting ###
### Waiting ###
### Waiting ###
### Waiting ###
### Waiting ###
### Waiting ###
### Waiting ###
### Waiting ###
### Waiting ###
### Waiting ###
### Waiting ###
### Waiting ###
### Waiting ###
### Waiting ###
### Waiting ###
### Waiting ###
### Waiting ###
### Waiting ###
### Waiting ###
### Waiting ###
### Waiting ###
### Waiting ###
### Waiting ###
### Waiting ###
### Waiting ###
### Waiting ###
### Waiting ###
### Waiting ###
### Waiting ###
### Waiting ###
### Waiting ###
### Waiting ###
### Waiting ###
### Waiting ###
### Waiting ###
### Waiting ###
### Waiting ###
### Waiting ###
### Waiting ###
### Waiting ###
### Waiting ###
### Waiting ###
### Waiting ###
### Waiting ###
### Waiting ###
### Waiting ###
### Waiting ###
### Waiting ###
### Waiting ###
### Waiting ###
### Waiting ###
### Waiting ###
### Waiting ###
### Waiting ###
### Waiting ###
### Waiting ###
### Waiting ###
### Waiting ###
### Waiting ###
### Waiting ###
### Waiting ###
### Waiting ###
### Waiting ###
### Waiting ###
### Waiting ###
### Waiting ###
### Waiting ###
### Waiting ###
### Waiting ###
### Waiting ###
### Waiting ###
### Waiting ###
### Waiting ###
### Waiting ###
### Waiting ###
### Waiting ###
### Waiting ###
### Waiting ###
### Waiting ###
### Waiting ###
### Waiting ###
### Waiting ###
### Waiting ###
### Waiting ###
### Waiting ###
### Waiting ###
### Waiting ###
### Waiting ###
### Waiting ###
### Waiting ###
### Waiting ###
### Waiting ###
### Waiting ###
### Waiting ###
### Waiting ###
### Waiting ###
### Waiting ###
### Waiting ###
### Waiting ###
### Waiting ###
### Waiting ###
### Waiting ###
### Waiting ###
### Waiting ###
### Waiting ###
### Waiting ###
### Waiting ###
### Waiting ###
### Waiting ###
### Waiting ###
### Waiting ###
### Waiting ###
### Waiting ###
### Waiting ###
### Waiting ###
### Waiting ###
### Waiting ###
### Waiting ###
### Waiting ###
### Waiting ###
### Waiting ###
### Waiting ###
### Waiting ###
### Waiting ###
### Waiting ###
### Waiting ###
### Waiting ###
### Waiting ###
### Waiting ###
### Waiting ###
### Waiting ###
### Waiting ###
### Waiting ###
### Waiting ###
### Waiting ###
### Waiting ###
### Waiting ###
### Waiting ###
### Waiting ###
### Waiting ###
### Waiting ###
### Waiting ###
### Waiting ###
### Waiting ###
### Waiting ###
### Waiting ###
### Waiting ###
### Waiting ###
### Waiting ###
### Waiting ###
### Waiting ###
### Waiting ###
### Waiting ###
### Waiting ###
### Waiting ###
### Waiting ###
### Waiting ###
### Waiting ###
### Waiting ###
### Waiting ###
### Waiting ###
### Waiting ###
### Waiting ###
### Waiting ###
### Waiting ###
### Waiting ###
### Waiting ###
### Waiting ###
### Waiting ###
### Waiting ###
### Waiting ###
### Waiting ###
### Waiting ###
### Waiting ###
### Waiting ###
### Waiting ###
### Waiting ###
### Waiting ###
### Waiting ###
### Waiting ###
### Waiting ###
### Waiting ###
### Waiting ###
### Waiting ###
### Waiting ###
### Waiting ###
### Waiting ###
### Waiting ###
### Waiting ###
### Waiting ###
### Waiting ###
### Waiting ###
### Waiting ###
### Waiting ###
### Waiting ###
### Waiting ###
### Waiting ###
### Waiting ###
### Waiting ###
### Waiting ###
### Waiting ###
### Waiting ###
### Waiting ###

### Waiting ###
### Waiting ###
### Waiting ###
### Waiting ###
### Waiting ###
### Waiting ###
### Waiting ###
### Waiting ###
### Waiting ###
### Waiting ###
### Waiting ###
### Waiting ###
### Waiting ###
### Waiting ###
### Waiting ###
### Waiting ###
### Waiting ###
### Waiting ###
### Waiting ###
### Waiting ###
### Waiting ###
### Waiting ###
### Waiting ###
### Waiting ###
### Waiting ###
### Waiting ###
### Waiting ###
### Waiting ###
### Waiting ###
### Waiting ###
### Waiting ###
### Waiting ###
### Waiting ###
### Waiting ###
### Waiting ###
### Waiting ###
### Waiting ###
### Waiting ###
### Waiting ###
### Waiting ###
### Waiting ###
### Waiting ###
### Waiting ###
### Waiting ###
### Waiting ###
### Waiting ###
### Waiting ###
### Waiting ###
### Waiting ###
### Waiting ###
### Waiting ###
### Waiting ###
### Waiting ###
### Waiting ###
### Waiting ###
### Waiting ###
### Waiting ###
### Waiting ###
### Waiting ###
### Waiting ###
### Waiting ###
### Waiting ###
### Waiting ###
### Waiting ###
### Waiting ###
### Waiting ###
### Waiting ###
### Waiting ###
### Waiting ###
### Waiting ###
### Waiting ###
### Waiting ###
### Waiting ###
### Waiting ###
### Waiting ###
### Waiting ###
### Waiting ###
### Waiting ###
### Waiting ###
### Waiting ###
### Waiting ###
### Waiting ###
### Waiting ###
### Waiting ###
### Waiting ###
### Waiting ###
### Waiting ###
### Waiting ###
### Waiting ###
### Waiting ###
### Waiting ###
### Waiting ###
### Waiting ###
### Waiting ###
### Waiting ###
### Waiting ###
### Waiting ###
### Waiting ###
### Waiting ###
### Waiting ###
### Waiting ###
### Waiting ###
### Waiting ###
### Waiting ###
### Waiting ###
### Waiting ###
### Waiting ###
### Waiting ###
### Waiting ###
### Waiting ###
### Waiting ###
### Waiting ###
### Waiting ###
### Waiting ###
### Waiting ###
### Waiting ###
### Waiting ###
### Waiting ###
### Waiting ###
### Waiting ###
### Waiting ###
### Waiting ###
### Waiting ###
### Waiting ###
### Waiting ###
### Waiting ###
### Waiting ###
### Waiting ###
### Waiting ###
### Waiting ###
### Waiting ###
### Waiting ###
### Waiting ###
### Waiting ###
### Waiting ###
### Waiting ###
### Waiting ###
### Waiting ###
### Waiting ###
### Waiting ###
### Waiting ###
### Waiting ###
### Waiting ###
### Waiting ###
### Waiting ###
### Waiting ###
### Waiting ###
### Waiting ###
### Waiting ###
### Waiting ###
### Waiting ###
### Waiting ###
### Waiting ###
### Waiting ###
### Waiting ###
### Waiting ###
### Waiting ###
### Waiting ###
### Waiting ###
### Waiting ###
### Waiting ###
### Waiting ###
### Waiting ###
### Waiting ###
### Waiting ###
### Waiting ###
### Waiting ###
### Waiting ###
### Waiting ###
### Waiting ###
### Waiting ###
### Waiting ###
### Waiting ###
### Waiting ###
### Waiting ###
### Waiting ###
### Waiting ###
### Waiting ###
### Waiting ###
### Waiting ###
### Waiting ###
### Waiting ###
### Waiting ###
### Waiting ###
### Waiting ###
### Waiting ###
### Waiting ###
### Waiting ###
### Waiting ###
### Waiting ###
### Waiting ###
### Waiting ###
### Waiting ###
### Waiting ###
### Waiting ###
### Waiting ###
### Waiting ###
### Waiting ###
### Waiting ###
### Waiting ###
### Waiting ###
### Waiting ###
### Waiting ###
### Waiting ###
### Waiting ###
### Waiting ###
### Waiting ###
### Waiting ###
### Waiting ###
### Waiting ###
### Waiting ###
### Waiting ###
### Waiting ###
### Waiting ###
### Waiting ###
### Waiting ###
### Waiting ###
### Waiting ###
### Waiting ###
### Waiting ###
### Waiting ###
### Waiting ###
### Waiting ###
### Waiting ###
### Waiting ###
### Waiting ###
### Waiting ###
### Waiting ###
### Waiting ###
### Waiting ###
### Waiting ###
### Waiting ###
### Waiting ###
### Waiting ###
### Waiting ###
### Waiting ###
### Waiting ###
### Waiting ###
### Waiting ###
### Waiting ###
### Waiting ###
### Waiting ###
### Waiting ###
### Waiting ###
### Waiting ###
### Waiting ###
### Waiting ###
### Waiting ###
### Waiting ###
### Waiting ###

### Waiting ###
### Waiting ###
### Waiting ###
### Waiting ###
### Waiting ###
### Waiting ###
### Waiting ###
### Waiting ###
### Waiting ###
### Waiting ###
### Waiting ###
### Waiting ###
### Waiting ###
### Waiting ###
### Waiting ###
### Waiting ###
### Waiting ###
### Waiting ###
### Waiting ###
### Waiting ###
### Waiting ###
### Waiting ###
### Waiting ###
### Waiting ###
### Waiting ###
### Waiting ###
### Waiting ###
### Waiting ###
### Waiting ###
### Waiting ###
### Waiting ###
### Waiting ###
### Waiting ###
### Waiting ###
### Waiting ###
### Waiting ###
### Waiting ###
### Waiting ###
### Waiting ###
### Waiting ###
### Waiting ###
### Waiting ###
### Waiting ###
--- Logging error ---
Traceback (most recent call last):
  File "C:\Users\347\AppData\Local\Programs\Python\Python39\lib\logging\__init__.py", line 434, in format
    return self._format(record)
  File "C:\Users\347\AppData\Local\Programs\Python\Python39\lib\logging\__init__.py", line 430, in _format
    return self._fmt % record.__dict__
KeyError: 'dev'

During handling of the above exception, another exception occurred:

Traceback (most recent call last):
  File "C:\Users\347\AppData\Local\Programs\Python\Python39\lib\logging\__init__.py", line 1083, in emit
    msg = self.format(record)
  File "C:\Users\347\AppData\Local\Programs\Python\Python39\lib\logging\__init__.py", line 927, in format
    return fmt.format(record)
  File "C:\Users\347\AppData\Local\Programs\Python\Python39\lib\logging\__init__.py", line 666, in format
    s = self.formatMessage(record)
  File "C:\Users\347\AppData\Local\Programs\Python\Python39\lib\logging\__init__.py", line 635, in formatMessage
    return self._style.format(record)
  File "C:\Users\347\AppData\Local\Programs\Python\Python39\lib\logging\__init__.py", line 436, in format
    raise ValueError('Formatting field not found in record: %s' % e)
ValueError: Formatting field not found in record: 'dev'
Call stack:
  File "C:\Users\347\AppData\Local\Programs\Python\Python39\lib\threading.py", line 937, in _bootstrap
    self._bootstrap_inner()
  File "C:\Users\347\AppData\Local\Programs\Python\Python39\lib\threading.py", line 980, in _bootstrap_inner
    self.run()
  File "C:\Users\347\AppData\Local\Programs\Python\Python39\lib\threading.py", line 917, in run
    self._target(*self._args, **self._kwargs)
  File "C:\Users\347\Desktop\Porbe_Stage\.venv1\lib\site-packages\remi\server.py", line 462, in _idle_loop
    self.idle()
  File "C:\Users\347\Desktop\Porbe_Stage\347\GUI\mainframe_stage_control_gui.py", line 125, in idle
    self.after_configuration()
  File "C:\Users\347\Desktop\Porbe_Stage\347\GUI\mainframe_stage_control_gui.py", line 369, in after_configuration
    self.stop_task()
  File "C:\Users\347\Desktop\Porbe_Stage\347\GUI\mainframe_stage_control_gui.py", line 376, in stop_task
    self.area_sweep.stop_sweep()
  File "C:\Users\347\Desktop\Porbe_Stage\347\measure\area_sweep.py", line 138, in stop_sweep
    self._log("Area sweep stop requested")
  File "C:\Users\347\Desktop\Porbe_Stage\347\measure\area_sweep.py", line 132, in _log
    self.logger.info(message)
Message: 'Area sweep stop requested'
Arguments: ()
--- Logging error ---
Traceback (most recent call last):
  File "C:\Users\347\AppData\Local\Programs\Python\Python39\lib\logging\__init__.py", line 434, in format
    return self._format(record)
  File "C:\Users\347\AppData\Local\Programs\Python\Python39\lib\logging\__init__.py", line 430, in _format
    return self._fmt % record.__dict__
KeyError: 'dev'

During handling of the above exception, another exception occurred:

Traceback (most recent call last):
  File "C:\Users\347\AppData\Local\Programs\Python\Python39\lib\logging\__init__.py", line 1083, in emit
    msg = self.format(record)
  File "C:\Users\347\AppData\Local\Programs\Python\Python39\lib\logging\__init__.py", line 927, in format
    return fmt.format(record)
  File "C:\Users\347\AppData\Local\Programs\Python\Python39\lib\logging\__init__.py", line 666, in format
    s = self.formatMessage(record)
  File "C:\Users\347\AppData\Local\Programs\Python\Python39\lib\logging\__init__.py", line 635, in formatMessage
    return self._style.format(record)
  File "C:\Users\347\AppData\Local\Programs\Python\Python39\lib\logging\__init__.py", line 436, in format
    raise ValueError('Formatting field not found in record: %s' % e)
ValueError: Formatting field not found in record: 'dev'
Call stack:
  File "C:\Users\347\AppData\Local\Programs\Python\Python39\lib\threading.py", line 937, in _bootstrap
    self._bootstrap_inner()
  File "C:\Users\347\AppData\Local\Programs\Python\Python39\lib\threading.py", line 980, in _bootstrap_inner
    self.run()
  File "C:\Users\347\AppData\Local\Programs\Python\Python39\lib\threading.py", line 917, in run
    self._target(*self._args, **self._kwargs)
  File "C:\Users\347\Desktop\Porbe_Stage\.venv1\lib\site-packages\remi\server.py", line 462, in _idle_loop
    self.idle()
  File "C:\Users\347\Desktop\Porbe_Stage\347\GUI\mainframe_stage_control_gui.py", line 125, in idle
    self.after_configuration()
  File "C:\Users\347\Desktop\Porbe_Stage\347\GUI\mainframe_stage_control_gui.py", line 369, in after_configuration
    self.stop_task()
  File "C:\Users\347\Desktop\Porbe_Stage\347\GUI\mainframe_stage_control_gui.py", line 376, in stop_task
    self.area_sweep.stop_sweep()
  File "C:\Users\347\Desktop\Porbe_Stage\347\measure\area_sweep.py", line 138, in stop_sweep
    self._log("Area sweep stop requested")
  File "C:\Users\347\Desktop\Porbe_Stage\347\measure\area_sweep.py", line 132, in _log
    self.logger.info(message)
Message: 'Area sweep stop requested'
Arguments: ()
AreaSweep        INFO     Area sweep stop requested
